<?xml version="1.0" encoding="UTF-8"?>
<testsuite name="demo.BuildingServiceImplTest" tests="4" skipped="0" failures="0" errors="0" timestamp="2024-04-24T17:50:04" hostname="LAPTOP-ETGU1LSH" time="0.283">
  <properties/>
  <testcase name="getBuildings()" classname="demo.BuildingServiceImplTest" time="0.258"/>
  <testcase name="createBuilding()" classname="demo.BuildingServiceImplTest" time="0.004"/>
  <testcase name="getBuildingsSortedBy()" classname="demo.BuildingServiceImplTest" time="0.006"/>
  <testcase name="deleteBuilding()" classname="demo.BuildingServiceImplTest" time="0.008"/>
  <system-out><![CDATA[20:50:04.673 [Test worker] INFO 
                demo.services.BuildingServiceImpl – get all buildings
20:50:04.674 [Test worker] INFO 
                demo.services.BuildingServiceImpl – get all buildings
20:50:04.689 [Test worker] INFO 
                demo.services.BuildingServiceImpl – create building Building(id=null, creationDate=00.00.0000, type=office, addresses=null)
20:50:04.696 [Test worker] INFO 
                demo.services.BuildingServiceImpl – get all buildings sorted by attribute: type
]]></system-out>
  <system-err><![CDATA[]]></system-err>
</testsuite>
