<?xml version="1.0" encoding="UTF-8"?>
<testsuite name="demo.AddressServiceImplTest" tests="4" skipped="0" failures="0" errors="0" timestamp="2024-04-24T17:50:00" hostname="LAPTOP-ETGU1LSH" time="3.564">
  <properties/>
  <testcase name="getAddressesSortedBy()" classname="demo.AddressServiceImplTest" time="3.475"/>
  <testcase name="deleteAddress()" classname="demo.AddressServiceImplTest" time="0.006"/>
  <testcase name="getAddresses()" classname="demo.AddressServiceImplTest" time="0.032"/>
  <testcase name="createAddress()" classname="demo.AddressServiceImplTest" time="0.03"/>
  <system-out><![CDATA[20:50:04.240 [Test worker] INFO 
                demo.services.AddressServiceImpl – get all addresses sorted by attribute: zipCode
20:50:04.366 [Test worker] INFO 
                demo.services.AddressServiceImpl – get all addresses
20:50:04.369 [Test worker] INFO 
                demo.services.AddressServiceImpl – get all addresses
20:50:04.380 [Test worker] INFO 
                demo.services.AddressServiceImpl – create address Address(id=null, addressText=text1, zipCode=222222, building=null)
]]></system-out>
  <system-err><![CDATA[WARNING: A Java agent has been loaded dynamically (C:\Users\1\.gradle\caches\modules-2\files-2.1\net.bytebuddy\byte-buddy-agent\1.14.12\be4984cb6fd1ef1d11f218a648889dfda44b8a15\byte-buddy-agent-1.14.12.jar)
WARNING: If a serviceability tool is in use, please run with -XX:+EnableDynamicAgentLoading to hide this warning
WARNING: If a serviceability tool is not in use, please run with -Djdk.instrument.traceUsage for more information
WARNING: Dynamic loading of agents will be disallowed by default in a future release
]]></system-err>
</testsuite>
